{"/workspace/ColorLab-JS/index.js":{"path":"/workspace/ColorLab-JS/index.js","s":{"1":33,"2":2,"3":2,"4":2,"5":2,"6":31,"7":9,"8":24,"9":8,"10":8,"11":8,"12":22,"13":17,"14":6,"15":6,"16":6,"17":11,"18":8,"19":8,"20":8,"21":8,"22":3,"23":5,"24":5,"25":5,"26":5,"27":7,"28":2,"29":5,"30":2,"31":1,"32":5,"33":5,"34":0,"35":1,"36":2,"37":1,"38":15,"39":15,"40":1,"41":1},"b":{"1":[2,31],"2":[33,5,3],"3":[9,22],"4":[8,0],"5":[9,8,8,8],"6":[24,24],"7":[17,5],"8":[6,11],"9":[8,3],"10":[2,2,2,5],"11":[5,0],"12":[5,10]},"f":{"1":33,"2":5,"3":5,"4":5,"5":7,"6":2,"7":5,"8":2,"9":15},"fnMap":{"1":{"name":"(anonymous_1)","line":34,"loc":{"start":{"line":34,"column":13},"end":{"line":34,"column":20}}},"2":{"name":"(anonymous_2)","line":67,"loc":{"start":{"line":67,"column":6},"end":{"line":67,"column":9}}},"3":{"name":"(anonymous_3)","line":73,"loc":{"start":{"line":73,"column":6},"end":{"line":73,"column":9}}},"4":{"name":"(anonymous_4)","line":79,"loc":{"start":{"line":79,"column":6},"end":{"line":79,"column":9}}},"5":{"name":"(anonymous_5)","line":85,"loc":{"start":{"line":85,"column":10},"end":{"line":85,"column":25}}},"6":{"name":"(anonymous_6)","line":97,"loc":{"start":{"line":97,"column":8},"end":{"line":97,"column":11}}},"7":{"name":"invert","line":109,"loc":{"start":{"line":109,"column":0},"end":{"line":109,"column":21}}},"8":{"name":"hexToRGB","line":120,"loc":{"start":{"line":120,"column":0},"end":{"line":120,"column":23}}},"9":{"name":"getHex","line":134,"loc":{"start":{"line":134,"column":0},"end":{"line":134,"column":21}}}},"statementMap":{"1":{"start":{"line":35,"column":4},"end":{"line":62,"column":5}},"2":{"start":{"line":36,"column":6},"end":{"line":36,"column":31}},"3":{"start":{"line":37,"column":6},"end":{"line":37,"column":20}},"4":{"start":{"line":38,"column":6},"end":{"line":38,"column":20}},"5":{"start":{"line":39,"column":6},"end":{"line":39,"column":20}},"6":{"start":{"line":40,"column":11},"end":{"line":62,"column":5}},"7":{"start":{"line":41,"column":6},"end":{"line":45,"column":7}},"8":{"start":{"line":41,"column":128},"end":{"line":41,"column":146}},"9":{"start":{"line":42,"column":8},"end":{"line":42,"column":24}},"10":{"start":{"line":43,"column":8},"end":{"line":43,"column":24}},"11":{"start":{"line":44,"column":8},"end":{"line":44,"column":24}},"12":{"start":{"line":47,"column":11},"end":{"line":62,"column":5}},"13":{"start":{"line":48,"column":6},"end":{"line":59,"column":7}},"14":{"start":{"line":49,"column":8},"end":{"line":49,"column":52}},"15":{"start":{"line":50,"column":8},"end":{"line":50,"column":52}},"16":{"start":{"line":51,"column":8},"end":{"line":51,"column":52}},"17":{"start":{"line":52,"column":13},"end":{"line":59,"column":7}},"18":{"start":{"line":53,"column":8},"end":{"line":53,"column":34}},"19":{"start":{"line":54,"column":8},"end":{"line":54,"column":51}},"20":{"start":{"line":55,"column":8},"end":{"line":55,"column":51}},"21":{"start":{"line":56,"column":8},"end":{"line":56,"column":51}},"22":{"start":{"line":58,"column":8},"end":{"line":58,"column":93}},"23":{"start":{"line":61,"column":6},"end":{"line":61,"column":91}},"24":{"start":{"line":68,"column":4},"end":{"line":68,"column":17}},"25":{"start":{"line":74,"column":4},"end":{"line":74,"column":17}},"26":{"start":{"line":80,"column":4},"end":{"line":80,"column":17}},"27":{"start":{"line":86,"column":4},"end":{"line":94,"column":5}},"28":{"start":{"line":88,"column":8},"end":{"line":88,"column":54}},"29":{"start":{"line":93,"column":8},"end":{"line":93,"column":70}},"30":{"start":{"line":98,"column":4},"end":{"line":98,"column":24}},"31":{"start":{"line":109,"column":0},"end":{"line":118,"column":1}},"32":{"start":{"line":110,"column":2},"end":{"line":116,"column":3}},"33":{"start":{"line":111,"column":4},"end":{"line":115,"column":6}},"34":{"start":{"line":117,"column":2},"end":{"line":117,"column":73}},"35":{"start":{"line":120,"column":0},"end":{"line":126,"column":1}},"36":{"start":{"line":121,"column":2},"end":{"line":125,"column":3}},"37":{"start":{"line":134,"column":0},"end":{"line":137,"column":1}},"38":{"start":{"line":135,"column":2},"end":{"line":135,"column":29}},"39":{"start":{"line":136,"column":2},"end":{"line":136,"column":59}},"40":{"start":{"line":142,"column":0},"end":{"line":152,"column":1}},"41":{"start":{"line":155,"column":0},"end":{"line":159,"column":2}}},"branchMap":{"1":{"line":35,"type":"if","locations":[{"start":{"line":35,"column":4},"end":{"line":35,"column":4}},{"start":{"line":35,"column":4},"end":{"line":35,"column":4}}]},"2":{"line":35,"type":"binary-expr","locations":[{"start":{"line":35,"column":8},"end":{"line":35,"column":31}},{"start":{"line":35,"column":35},"end":{"line":35,"column":51}},{"start":{"line":35,"column":55},"end":{"line":35,"column":71}}]},"3":{"line":40,"type":"if","locations":[{"start":{"line":40,"column":11},"end":{"line":40,"column":11}},{"start":{"line":40,"column":11},"end":{"line":40,"column":11}}]},"4":{"line":41,"type":"if","locations":[{"start":{"line":41,"column":6},"end":{"line":41,"column":6}},{"start":{"line":41,"column":6},"end":{"line":41,"column":6}}]},"5":{"line":41,"type":"binary-expr","locations":[{"start":{"line":41,"column":10},"end":{"line":41,"column":35}},{"start":{"line":41,"column":39},"end":{"line":41,"column":64}},{"start":{"line":41,"column":68},"end":{"line":41,"column":93}},{"start":{"line":41,"column":97},"end":{"line":41,"column":147}}]},"6":{"line":41,"type":"binary-expr","locations":[{"start":{"line":41,"column":128},"end":{"line":41,"column":134}},{"start":{"line":41,"column":138},"end":{"line":41,"column":146}}]},"7":{"line":47,"type":"if","locations":[{"start":{"line":47,"column":11},"end":{"line":47,"column":11}},{"start":{"line":47,"column":11},"end":{"line":47,"column":11}}]},"8":{"line":48,"type":"if","locations":[{"start":{"line":48,"column":6},"end":{"line":48,"column":6}},{"start":{"line":48,"column":6},"end":{"line":48,"column":6}}]},"9":{"line":52,"type":"if","locations":[{"start":{"line":52,"column":13},"end":{"line":52,"column":13}},{"start":{"line":52,"column":13},"end":{"line":52,"column":13}}]},"10":{"line":86,"type":"switch","locations":[{"start":{"line":87,"column":6},"end":{"line":88,"column":54}},{"start":{"line":90,"column":6},"end":{"line":90,"column":17}},{"start":{"line":91,"column":6},"end":{"line":91,"column":24}},{"start":{"line":92,"column":6},"end":{"line":93,"column":70}}]},"11":{"line":110,"type":"if","locations":[{"start":{"line":110,"column":2},"end":{"line":110,"column":2}},{"start":{"line":110,"column":2},"end":{"line":110,"column":2}}]},"12":{"line":136,"type":"cond-expr","locations":[{"start":{"line":136,"column":28},"end":{"line":136,"column":37}},{"start":{"line":136,"column":40},"end":{"line":136,"column":43}}]}}}}