TN:
SF:/workspace/ColorLab-JS/index.js
FN:34,(anonymous_1)
FN:67,(anonymous_2)
FN:73,(anonymous_3)
FN:79,(anonymous_4)
FN:85,(anonymous_5)
FN:97,(anonymous_6)
FN:109,invert
FN:120,hexToRGB
FN:134,getHex
FNF:9
FNH:9
FNDA:33,(anonymous_1)
FNDA:5,(anonymous_2)
FNDA:5,(anonymous_3)
FNDA:5,(anonymous_4)
FNDA:7,(anonymous_5)
FNDA:2,(anonymous_6)
FNDA:5,invert
FNDA:2,hexToRGB
FNDA:15,getHex
DA:35,33
DA:36,2
DA:37,2
DA:38,2
DA:39,2
DA:40,31
DA:41,24
DA:42,8
DA:43,8
DA:44,8
DA:47,22
DA:48,17
DA:49,6
DA:50,6
DA:51,6
DA:52,11
DA:53,8
DA:54,8
DA:55,8
DA:56,8
DA:58,3
DA:61,5
DA:68,5
DA:74,5
DA:80,5
DA:86,7
DA:88,2
DA:93,5
DA:98,2
DA:109,1
DA:110,5
DA:111,5
DA:117,0
DA:120,1
DA:121,2
DA:134,1
DA:135,15
DA:136,15
DA:142,1
DA:155,1
LF:40
LH:39
BRDA:35,1,0,2
BRDA:35,1,1,31
BRDA:35,2,0,33
BRDA:35,2,1,5
BRDA:35,2,2,3
BRDA:40,3,0,9
BRDA:40,3,1,22
BRDA:41,4,0,8
BRDA:41,4,1,0
BRDA:41,5,0,9
BRDA:41,5,1,8
BRDA:41,5,2,8
BRDA:41,5,3,8
BRDA:41,6,0,24
BRDA:41,6,1,24
BRDA:47,7,0,17
BRDA:47,7,1,5
BRDA:48,8,0,6
BRDA:48,8,1,11
BRDA:52,9,0,8
BRDA:52,9,1,3
BRDA:86,10,0,2
BRDA:86,10,1,2
BRDA:86,10,2,2
BRDA:86,10,3,5
BRDA:110,11,0,5
BRDA:110,11,1,0
BRDA:136,12,0,5
BRDA:136,12,1,10
BRF:29
BRH:27
end_of_record
